<?xml version="1.0" encoding="UTF-8"?>
<testng-results skipped="0" failed="0" total="1" passed="1">
  <reporter-output>
  </reporter-output>
  <suite name="Default suite" duration-ms="2614" started-at="2016-03-19T20:57:08Z" finished-at="2016-03-19T20:57:10Z">
    <groups>
    </groups>
    <test name="Default test" duration-ms="2614" started-at="2016-03-19T20:57:08Z" finished-at="2016-03-19T20:57:10Z">
      <class name="testCases.Temp">
        <test-method status="PASS" signature="test()[pri:0, instance:testCases.Temp@1741055a]" name="test" duration-ms="2559" started-at="2016-03-19T13:57:08Z" finished-at="2016-03-19T13:57:10Z">
          <reporter-output>
          </reporter-output>
        </test-method> <!-- test -->
      </class> <!-- testCases.Temp -->
    </test> <!-- Default test -->
  </suite> <!-- Default suite -->
</testng-results>
